C51 COMPILER V9.60.7.0   MAIN                                                              01/21/2025 15:40:15 PAGE 1   


C51 COMPILER V9.60.7.0, COMPILATION OF MODULE MAIN
OBJECT MODULE PLACED IN .\Objects\main.obj
COMPILER INVOKED BY: D:\C51\BIN\C51.EXE main.c OPTIMIZE(8,SPEED) BROWSE DEBUG OBJECTEXTEND PRINT(.\Listings\main.lst) TA
                    -BS(2) OBJECT(.\Objects\main.obj)

line level    source

   1          #include <reg51.h>  // Include the 8051 header file
   2          
   3          sbit SWITCH = P1^0;  // Define switch on P1.0 (active low)
   4          sbit LED = P2^0;     // Define LED on P2.0
   5          
   6          void main() {
   7   1          LED = 0;  // Initially, turn off the LED
   8   1      
   9   1          while (1) {  // Infinite loop to keep checking the switch state
  10   2              if (SWITCH == 0) {   // If the switch is pressed (active low)
  11   3                  LED = 1;         // Turn on the LED
  12   3              } else {              
  13   3                  LED = 0;         // If the switch is not pressed, turn off the LED
  14   3              }
  15   2          }
  16   1      }


MODULE INFORMATION:   STATIC OVERLAYABLE
   CODE SIZE        =     13    ----
   CONSTANT SIZE    =   ----    ----
   XDATA SIZE       =   ----    ----
   PDATA SIZE       =   ----    ----
   DATA SIZE        =   ----    ----
   IDATA SIZE       =   ----    ----
   BIT SIZE         =   ----    ----
END OF MODULE INFORMATION.


C51 COMPILATION COMPLETE.  0 WARNING(S),  0 ERROR(S)
